running script /Users/samingzhong/.my_batch_sh/deploy_and_backup_blog.sh...
[master ce8b1f2] 自动同步blog
 2 files changed, 7 insertions(+), 4 deletions(-)
 create mode 100644 deployment.log
running script /Users/samingzhong//blog/.scripts/deploy_and_backup_blog.sh at Thu Aug 25 15:50:00 CST 2022...
[master 5440120] 自动同步blog
 3 files changed, 16 insertions(+), 1 deletion(-)
 create mode 100755 .scripts/deploy_and_backup_blog.sh


running script /Users/samingzhong//blog/.scripts/deploy_and_backup_blog.sh at 2022-08-25 15:52:47...
INFO  Validating config
INFO  Deleted database.
INFO  Deleted public folder.
INFO  Validating config
INFO  Start processing
INFO  Files loaded in 78 ms
INFO  Generated: atom.xml
INFO  Generated: archives/2022/08/index.html
INFO  Generated: index.html
INFO  Generated: archives/index.html
INFO  Generated: archives/2022/index.html
INFO  Generated: js/script.js
INFO  Generated: fancybox/jquery.fancybox.min.css
INFO  Generated: css/fonts/FontAwesome.otf
INFO  Generated: css/images/banner.jpg
INFO  Generated: css/style.css
INFO  Generated: fancybox/jquery.fancybox.min.js
INFO  Generated: css/fonts/fontawesome-webfont.eot
INFO  Generated: js/jquery-3.4.1.min.js
INFO  Generated: css/fonts/fontawesome-webfont.woff
INFO  Generated: css/fonts/fontawesome-webfont.ttf
INFO  Generated: css/fonts/fontawesome-webfont.woff2
INFO  Generated: 2022/08/25/flutter/flutter-study/index.html
INFO  Generated: 2022/08/25/flutter-question-and-answers/index.html
INFO  Generated: 2022/08/25/hexo-helper/index.html
INFO  Generated: css/fonts/fontawesome-webfont.svg
INFO  Generated: 2022/08/25/flutter/hexo-script-helper/index.html
INFO  21 files generated in 131 ms
INFO  Deploying: git
INFO  Clearing .deploy_git folder...
INFO  Copying files from public folder...
INFO  Copying files from extend dirs...
[master cc1ba3a] Site updated: 2022-08-25 15:52:48
 7 files changed, 43 insertions(+), 16 deletions(-)
Branch 'master' set up to track remote branch 'master' from 'git@github.com:samingzhong/samingzhong.github.io.git'.
INFO  Deploy done: git
